[38;5;112m[Appium][0m Welcome to Appium v2.13.0
[38;5;112m[Appium][0m Non-default server args:
[38;5;112m[Appium][0m { basePath: [32m'/wd/hub'[39m, loglevel: [32m'info'[39m, port: [33m63822[39m }
[38;5;112m[Appium][0m Attempting to load driver uiautomator2...
[38;5;112m[Appium][0m Appium REST http interface listener started on http://0.0.0.0:63822/wd/hub
[38;5;112m[Appium][0m You can provide the following URLs in your client code to connect to this server:
	http://192.168.56.1:63822/wd/hub
	http://192.168.129.1:63822/wd/hub
	http://192.168.197.48:63822/wd/hub
	http://127.0.0.1:63822/wd/hub (only accessible from the same host)
[38;5;112m[Appium][0m Available drivers:
[38;5;112m[Appium][0m   - uiautomator2@2.45.1 (automationName 'UiAutomator2')
[38;5;112m[Appium][0m No plugins have been installed. Use the "appium plugin" command to install the one(s) you want to use.
[38;5;86m[HTTP][0m [37m-->[39m [37mGET[39m [37m/wd/hub/status[39m [90m{}[39m
[38;5;86m[HTTP][0m [37m<-- GET /wd/hub/status [39m[32m200[39m [90m5 ms - 111[39m [90m[39m
[38;5;86m[HTTP][0m [37m-->[39m [37mGET[39m [37m/wd/hub/status[39m [90m{}[39m
[38;5;86m[HTTP][0m [37m<-- GET /wd/hub/status [39m[32m200[39m [90m1 ms - 111[39m [90m[39m
[38;5;86m[HTTP][0m [37m-->[39m [37mPOST[39m [37m/wd/hub/session[39m [90m{"capabilities":{"firstMatch":[{"appium:appActivity":".Settings","appium:appPackage":"com.android.settings","appium:autoGrantPermissions":true,"appium:automationName":"uiautomator2","appium:deviceName":"emulator-5554 (sdk_gphone64_x86_64 - Android 12)","appium:newCommandTimeout":1800,"appium:platformName":"ANDROID","appium:platformVersion":"12","appium:systemPort":8296,"appium:udid":"emulator-5554","platformName":"ANDROID"}]},"desiredCapabilities":{"appium:appActivity":".Settings","appium:appPackage":"com.android.settings","appium:autoGrantPermissions":true,"appium:automationName":"uiautomator2","appium:deviceName":"emulator-5554 (sdk_gphone64_x86_64 - Android 12)","appium:newCommandTimeout":1800,"appium:platformName":"ANDROID","appium:platformVersion":"12","appium:systemPort":8296,"appium:udid":"emulator-5554"}}[39m
[38;5;123m[BaseDriver][0m Ignoring capability 'appium:platformName=ANDROID' and using capability 'platformName=ANDROID'
[38;5;123m[BaseDriver][0m The capabilities ["platformName"] are standard capabilities and do not require "appium:" prefix
[38;5;112m[Appium][0m Attempting to find matching driver for automationName 'uiautomator2' and platformName 'ANDROID'
[38;5;112m[Appium][0m The 'uiautomator2' driver was installed and matched caps.
[38;5;112m[Appium][0m Will require it at C:\Users\pc\.appium\node_modules\appium-uiautomator2-driver
[38;5;205m[AppiumDriver@08ed][0m Appium v2.13.0 creating new AndroidUiautomator2Driver (v2.45.1) session
[38;5;205m[AppiumDriver@08ed][0m Checking BaseDriver versions for Appium and AndroidUiautomator2Driver
[38;5;205m[AppiumDriver@08ed][0m Appium's BaseDriver version is 9.13.1
[38;5;205m[AppiumDriver@08ed][0m AndroidUiautomator2Driver's BaseDriver version is 9.13.1
[38;5;26m[0b4874fc][0m[38;5;13m[AndroidUiautomator2Driver@ccdb][0m Session created with session id: 0b4874fc-d618-4b48-a4aa-e0d6926c42ca
[38;5;26m[0b4874fc][0m[38;5;229m[ADB][0m Found 3 'build-tools' folders under 'C:\Users\pc\AppData\Local\Android\Sdk' (newest first):
[38;5;26m[0b4874fc][0m[38;5;229m[ADB][0m     C:\Users\pc\AppData\Local\Android\Sdk\build-tools\34.0.0
[38;5;26m[0b4874fc][0m[38;5;229m[ADB][0m     C:\Users\pc\AppData\Local\Android\Sdk\build-tools\33.0.1
[38;5;26m[0b4874fc][0m[38;5;229m[ADB][0m     C:\Users\pc\AppData\Local\Android\Sdk\build-tools\30.0.3
[38;5;26m[0b4874fc][0m[38;5;229m[ADB][0m Using 'adb.exe' from 'C:\Users\pc\AppData\Local\Android\Sdk\platform-tools\adb.exe'
[38;5;26m[0b4874fc][0m[38;5;13m[AndroidUiautomator2Driver@ccdb][0m Retrieving device list
[38;5;26m[0b4874fc][0m[38;5;13m[AndroidUiautomator2Driver@ccdb][0m Using device: emulator-5554
[38;5;26m[0b4874fc][0m[38;5;229m[ADB][0m Using 'adb.exe' from 'C:\Users\pc\AppData\Local\Android\Sdk\platform-tools\adb.exe'
[38;5;26m[0b4874fc][0m[38;5;13m[AndroidUiautomator2Driver@ccdb][0m Starting 'com.android.settings' directly on the device
[38;5;26m[0b4874fc][0m[38;5;229m[ADB][0m Getting device platform version
[38;5;26m[0b4874fc][0m[38;5;13m[AndroidUiautomator2Driver@ccdb][0m Relaxing hidden api policy
[38;5;26m[0b4874fc][0m[38;5;13m[AndroidUiautomator2Driver@ccdb][0m No app sent in, not parsing package/activity
[38;5;26m[0b4874fc][0m[38;5;229m[ADB][0m Using 'apksigner.jar' from 'C:\Users\pc\AppData\Local\Android\Sdk\build-tools\34.0.0\lib\apksigner.jar'
[38;5;26m[0b4874fc][0m[38;5;229m[ADB][0m 'C:\Users\pc\.appium\node_modules\appium-uiautomator2-driver\node_modules\appium-uiautomator2-server\apks\appium-uiautomator2-server-debug-androidTest.apk' is signed with the default certificate
[38;5;26m[0b4874fc][0m[38;5;229m[ADB][0m 'C:\Users\pc\.appium\node_modules\appium-uiautomator2-driver\node_modules\appium-uiautomator2-server\apks\appium-uiautomator2-server-v6.0.9.apk' is signed with the default certificate
[38;5;26m[0b4874fc][0m[38;5;13m[AndroidUiautomator2Driver@ccdb][0m Server packages are not going to be (re)installed
[38;5;26m[0b4874fc][0m[38;5;229m[ADB][0m Adding packages ["io.appium.settings","io.appium.uiautomator2.server","io.appium.uiautomator2.server.test"] to Doze whitelist
[38;5;26m[0b4874fc][0m[38;5;13m[AndroidUiautomator2Driver@ccdb][0m Starting UIAutomator2 server 6.0.9
[38;5;26m[0b4874fc][0m[38;5;13m[AndroidUiautomator2Driver@ccdb][0m Using UIAutomator2 server from 'C:\Users\pc\.appium\node_modules\appium-uiautomator2-driver\node_modules\appium-uiautomator2-server\apks\appium-uiautomator2-server-v6.0.9.apk' and test from 'C:\Users\pc\.appium\node_modules\appium-uiautomator2-driver\node_modules\appium-uiautomator2-server\apks\appium-uiautomator2-server-debug-androidTest.apk'
[38;5;26m[0b4874fc][0m[38;5;13m[AndroidUiautomator2Driver@ccdb][0m Waiting up to 30000ms for UiAutomator2 to be online...
[38;5;26m[0b4874fc][0m[38;5;13m[AndroidUiautomator2Driver@ccdb][0m socket hang up
[38;5;26m[0b4874fc][0m[38;5;13m[AndroidUiautomator2Driver@ccdb][0m socket hang up
[38;5;26m[0b4874fc][0m[38;5;13m[AndroidUiautomator2Driver@ccdb][0m Determined the downstream protocol as 'W3C'
[38;5;26m[0b4874fc][0m[38;5;13m[AndroidUiautomator2Driver@ccdb][0m Screen already unlocked, doing nothing
[38;5;26m[0b4874fc][0m[38;5;13m[AndroidUiautomator2Driver@ccdb][0m Starting 'com.android.settings/.Settings and waiting for 'com.android.settings/.Settings'
[38;5;26m[0b4874fc][0m[38;5;205m[AppiumDriver@08ed][0m New AndroidUiautomator2Driver session created successfully, session 0b4874fc-d618-4b48-a4aa-e0d6926c42ca added to master session list
[38;5;26m[0b4874fc][0m[38;5;86m[HTTP][0m [37m<-- POST /wd/hub/session [39m[32m200[39m [90m5000 ms - 1123[39m [90m[39m
[38;5;86m[HTTP][0m [37m-->[39m [37mGET[39m [37m/wd/hub/status[39m [90m{}[39m
[38;5;86m[HTTP][0m [37m<-- GET /wd/hub/status [39m[32m200[39m [90m1 ms - 111[39m [90m[39m
[38;5;26m[0b4874fc][0m[38;5;86m[HTTP][0m [37m-->[39m [37mPOST[39m [37m/wd/hub/session/0b4874fc-d618-4b48-a4aa-e0d6926c42ca/timeouts[39m [90m{"implicit":60000}[39m
[38;5;26m[0b4874fc][0m[38;5;86m[HTTP][0m [37m<-- POST /wd/hub/session/0b4874fc-d618-4b48-a4aa-e0d6926c42ca/timeouts [39m[32m200[39m [90m3 ms - 14[39m [90m[39m
[38;5;26m[0b4874fc][0m[38;5;86m[HTTP][0m [37m-->[39m [37mPOST[39m [37m/wd/hub/session/0b4874fc-d618-4b48-a4aa-e0d6926c42ca/execute/sync[39m [90m{"script":"mobile: getSystemBars","args":[]}[39m
[38;5;26m[0b4874fc][0m[38;5;13m[AndroidUiautomator2Driver@ccdb][0m Executing method 'mobile: getSystemBars'
[38;5;26m[0b4874fc][0m[38;5;86m[HTTP][0m [37m<-- POST /wd/hub/session/0b4874fc-d618-4b48-a4aa-e0d6926c42ca/execute/sync [39m[32m200[39m [90m83 ms - 151[39m [90m[39m
[38;5;26m[0b4874fc][0m[38;5;86m[HTTP][0m [37m-->[39m [37mPOST[39m [37m/wd/hub/session/0b4874fc-d618-4b48-a4aa-e0d6926c42ca/execute/sync[39m [90m{"script":"mobile: activateApp","args":[{"appId":"org.khanacademy.android","bundleId":"org.khanacademy.android"}]}[39m
[38;5;26m[0b4874fc][0m[38;5;13m[AndroidUiautomator2Driver@ccdb][0m Executing method 'mobile: activateApp'
[38;5;26m[0b4874fc][0m[38;5;86m[HTTP][0m [37m<-- POST /wd/hub/session/0b4874fc-d618-4b48-a4aa-e0d6926c42ca/execute/sync [39m[32m200[39m [90m158 ms - 14[39m [90m[39m
[38;5;26m[0b4874fc][0m[38;5;86m[HTTP][0m [37m-->[39m [37mGET[39m [37m/wd/hub/session/0b4874fc-d618-4b48-a4aa-e0d6926c42ca/source[39m [90m{}[39m
[38;5;26m[0b4874fc][0m[38;5;13m[AndroidUiautomator2Driver@ccdb][0m Driver proxy active, passing request on via HTTP proxy
[38;5;26m[0b4874fc][0m[38;5;13m[AndroidUiautomator2Driver@ccdb][0m Replacing sessionId 7b80b6e6-f40a-4478-bd88-9796248f9b94 with 0b4874fc-d618-4b48-a4aa-e0d6926c42ca
[38;5;26m[0b4874fc][0m[38;5;86m[HTTP][0m [37m<-- GET /wd/hub/session/0b4874fc-d618-4b48-a4aa-e0d6926c42ca/source [39m[32m200[39m [90m711 ms - 37180[39m [90m[39m
[38;5;26m[0b4874fc][0m[38;5;86m[HTTP][0m [37m-->[39m [37mGET[39m [37m/wd/hub/session/0b4874fc-d618-4b48-a4aa-e0d6926c42ca/screenshot[39m [90m{}[39m
[38;5;26m[0b4874fc][0m[38;5;86m[HTTP][0m [37m<-- GET /wd/hub/session/0b4874fc-d618-4b48-a4aa-e0d6926c42ca/screenshot [39m[32m200[39m [90m597 ms - 976596[39m [90m[39m
[38;5;26m[0b4874fc][0m[38;5;86m[HTTP][0m [37m-->[39m [37mGET[39m [37m/wd/hub/session/0b4874fc-d618-4b48-a4aa-e0d6926c42ca/window/rect[39m [90m{}[39m
[38;5;26m[0b4874fc][0m[38;5;86m[HTTP][0m [37m<-- GET /wd/hub/session/0b4874fc-d618-4b48-a4aa-e0d6926c42ca/window/rect [39m[32m200[39m [90m15 ms - 50[39m [90m[39m
[38;5;26m[0b4874fc][0m[38;5;86m[HTTP][0m [37m-->[39m [37mPOST[39m [37m/wd/hub/session/0b4874fc-d618-4b48-a4aa-e0d6926c42ca/elements[39m [90m{"using":"xpath","value":"//*[@class = 'android.widget.TextView' and (@text = 'Explore' or . = 'Explore')]"}[39m
[38;5;26m[0b4874fc][0m[38;5;86m[HTTP][0m [37m<-- POST /wd/hub/session/0b4874fc-d618-4b48-a4aa-e0d6926c42ca/elements [39m[32m200[39m [90m394 ms - 139[39m [90m[39m
[38;5;26m[0b4874fc][0m[38;5;86m[HTTP][0m [37m-->[39m [37mGET[39m [37m/wd/hub/session/0b4874fc-d618-4b48-a4aa-e0d6926c42ca/element/00000000-0000-00dd-ffff-ffff00000053/rect[39m [90m{}[39m
[38;5;26m[0b4874fc][0m[38;5;13m[AndroidUiautomator2Driver@ccdb][0m Driver proxy active, passing request on via HTTP proxy
[38;5;26m[0b4874fc][0m[38;5;13m[AndroidUiautomator2Driver@ccdb][0m Replacing sessionId 7b80b6e6-f40a-4478-bd88-9796248f9b94 with 0b4874fc-d618-4b48-a4aa-e0d6926c42ca
[38;5;26m[0b4874fc][0m[38;5;86m[HTTP][0m [37m<-- GET /wd/hub/session/0b4874fc-d618-4b48-a4aa-e0d6926c42ca/element/00000000-0000-00dd-ffff-ffff00000053/rect [39m[32m200[39m [90m22 ms - 103[39m [90m[39m
[38;5;26m[0b4874fc][0m[38;5;86m[HTTP][0m [37m-->[39m [37mPOST[39m [37m/wd/hub/session/0b4874fc-d618-4b48-a4aa-e0d6926c42ca/element/00000000-0000-00dd-ffff-ffff00000053/click[39m [90m{"id":"00000000-0000-00dd-ffff-ffff00000053"}[39m
[38;5;26m[0b4874fc][0m[38;5;86m[HTTP][0m [37m<-- POST /wd/hub/session/0b4874fc-d618-4b48-a4aa-e0d6926c42ca/element/00000000-0000-00dd-ffff-ffff00000053/click [39m[32m200[39m [90m62 ms - 14[39m [90m[39m
[38;5;26m[0b4874fc][0m[38;5;86m[HTTP][0m [37m-->[39m [37mGET[39m [37m/wd/hub/session/0b4874fc-d618-4b48-a4aa-e0d6926c42ca/source[39m [90m{}[39m
[38;5;26m[0b4874fc][0m[38;5;13m[AndroidUiautomator2Driver@ccdb][0m Driver proxy active, passing request on via HTTP proxy
[38;5;26m[0b4874fc][0m[38;5;13m[AndroidUiautomator2Driver@ccdb][0m Replacing sessionId 7b80b6e6-f40a-4478-bd88-9796248f9b94 with 0b4874fc-d618-4b48-a4aa-e0d6926c42ca
[38;5;26m[0b4874fc][0m[38;5;86m[HTTP][0m [37m<-- GET /wd/hub/session/0b4874fc-d618-4b48-a4aa-e0d6926c42ca/source [39m[32m200[39m [90m150 ms - 52451[39m [90m[39m
[38;5;26m[0b4874fc][0m[38;5;86m[HTTP][0m [37m-->[39m [37mGET[39m [37m/wd/hub/session/0b4874fc-d618-4b48-a4aa-e0d6926c42ca/screenshot[39m [90m{}[39m
[38;5;26m[0b4874fc][0m[38;5;86m[HTTP][0m [37m<-- GET /wd/hub/session/0b4874fc-d618-4b48-a4aa-e0d6926c42ca/screenshot [39m[32m200[39m [90m355 ms - 194304[39m [90m[39m
[38;5;26m[0b4874fc][0m[38;5;86m[HTTP][0m [37m-->[39m [37mGET[39m [37m/wd/hub/session/0b4874fc-d618-4b48-a4aa-e0d6926c42ca/context[39m [90m{}[39m
[38;5;26m[0b4874fc][0m[38;5;86m[HTTP][0m [37m<-- GET /wd/hub/session/0b4874fc-d618-4b48-a4aa-e0d6926c42ca/context [39m[32m200[39m [90m1 ms - 22[39m [90m[39m
[38;5;26m[0b4874fc][0m[38;5;86m[HTTP][0m [37m-->[39m [37mGET[39m [37m/wd/hub/session/0b4874fc-d618-4b48-a4aa-e0d6926c42ca/contexts[39m [90m{}[39m
[38;5;26m[0b4874fc][0m[38;5;86m[HTTP][0m [37m<-- GET /wd/hub/session/0b4874fc-d618-4b48-a4aa-e0d6926c42ca/contexts [39m[32m200[39m [90m257 ms - 24[39m [90m[39m
[38;5;26m[0b4874fc][0m[38;5;86m[HTTP][0m [37m-->[39m [37mPOST[39m [37m/wd/hub/session/0b4874fc-d618-4b48-a4aa-e0d6926c42ca/context[39m [90m{"name":"NATIVE_APP"}[39m
[38;5;26m[0b4874fc][0m[38;5;86m[HTTP][0m [37m<-- POST /wd/hub/session/0b4874fc-d618-4b48-a4aa-e0d6926c42ca/context [39m[32m200[39m [90m1 ms - 14[39m [90m[39m
[38;5;26m[0b4874fc][0m[38;5;86m[HTTP][0m [37m-->[39m [37mPOST[39m [37m/wd/hub/session/0b4874fc-d618-4b48-a4aa-e0d6926c42ca/execute/sync[39m [90m{"script":"mobile: pressKey","args":[{"keycode":4}]}[39m
[38;5;26m[0b4874fc][0m[38;5;13m[AndroidUiautomator2Driver@ccdb][0m Executing method 'mobile: pressKey'
[38;5;26m[0b4874fc][0m[38;5;86m[HTTP][0m [37m<-- POST /wd/hub/session/0b4874fc-d618-4b48-a4aa-e0d6926c42ca/execute/sync [39m[32m200[39m [90m48 ms - 14[39m [90m[39m
[38;5;26m[0b4874fc][0m[38;5;86m[HTTP][0m [37m-->[39m [37mPOST[39m [37m/wd/hub/session/0b4874fc-d618-4b48-a4aa-e0d6926c42ca/context[39m [90m{"name":"NATIVE_APP"}[39m
[38;5;26m[0b4874fc][0m[38;5;86m[HTTP][0m [37m<-- POST /wd/hub/session/0b4874fc-d618-4b48-a4aa-e0d6926c42ca/context [39m[32m200[39m [90m1 ms - 14[39m [90m[39m
[38;5;26m[0b4874fc][0m[38;5;86m[HTTP][0m [37m-->[39m [37mGET[39m [37m/wd/hub/session/0b4874fc-d618-4b48-a4aa-e0d6926c42ca/source[39m [90m{}[39m
[38;5;26m[0b4874fc][0m[38;5;13m[AndroidUiautomator2Driver@ccdb][0m Driver proxy active, passing request on via HTTP proxy
[38;5;26m[0b4874fc][0m[38;5;13m[AndroidUiautomator2Driver@ccdb][0m Replacing sessionId 7b80b6e6-f40a-4478-bd88-9796248f9b94 with 0b4874fc-d618-4b48-a4aa-e0d6926c42ca
[38;5;26m[0b4874fc][0m[38;5;86m[HTTP][0m [37m<-- GET /wd/hub/session/0b4874fc-d618-4b48-a4aa-e0d6926c42ca/source [39m[32m200[39m [90m197 ms - 37180[39m [90m[39m
[38;5;26m[0b4874fc][0m[38;5;86m[HTTP][0m [37m-->[39m [37mGET[39m [37m/wd/hub/session/0b4874fc-d618-4b48-a4aa-e0d6926c42ca/screenshot[39m [90m{}[39m
[38;5;26m[0b4874fc][0m[38;5;86m[HTTP][0m [37m<-- GET /wd/hub/session/0b4874fc-d618-4b48-a4aa-e0d6926c42ca/screenshot [39m[32m200[39m [90m541 ms - 977084[39m [90m[39m
[38;5;26m[0b4874fc][0m[38;5;86m[HTTP][0m [37m-->[39m [37mGET[39m [37m/wd/hub/session/0b4874fc-d618-4b48-a4aa-e0d6926c42ca/source[39m [90m{}[39m
[38;5;26m[0b4874fc][0m[38;5;13m[AndroidUiautomator2Driver@ccdb][0m Driver proxy active, passing request on via HTTP proxy
[38;5;26m[0b4874fc][0m[38;5;13m[AndroidUiautomator2Driver@ccdb][0m Replacing sessionId 7b80b6e6-f40a-4478-bd88-9796248f9b94 with 0b4874fc-d618-4b48-a4aa-e0d6926c42ca
[38;5;26m[0b4874fc][0m[38;5;86m[HTTP][0m [37m<-- GET /wd/hub/session/0b4874fc-d618-4b48-a4aa-e0d6926c42ca/source [39m[32m200[39m [90m73 ms - 37180[39m [90m[39m
[38;5;26m[0b4874fc][0m[38;5;86m[HTTP][0m [37m-->[39m [37mGET[39m [37m/wd/hub/session/0b4874fc-d618-4b48-a4aa-e0d6926c42ca/screenshot[39m [90m{}[39m
[38;5;26m[0b4874fc][0m[38;5;86m[HTTP][0m [37m<-- GET /wd/hub/session/0b4874fc-d618-4b48-a4aa-e0d6926c42ca/screenshot [39m[32m200[39m [90m521 ms - 976060[39m [90m[39m
[38;5;26m[0b4874fc][0m[38;5;86m[HTTP][0m [37m-->[39m [37mGET[39m [37m/wd/hub/session/0b4874fc-d618-4b48-a4aa-e0d6926c42ca/window/rect[39m [90m{}[39m
[38;5;26m[0b4874fc][0m[38;5;86m[HTTP][0m [37m<-- GET /wd/hub/session/0b4874fc-d618-4b48-a4aa-e0d6926c42ca/window/rect [39m[32m200[39m [90m10 ms - 50[39m [90m[39m
[38;5;26m[0b4874fc][0m[38;5;86m[HTTP][0m [37m-->[39m [37mPOST[39m [37m/wd/hub/session/0b4874fc-d618-4b48-a4aa-e0d6926c42ca/elements[39m [90m{"using":"xpath","value":"//hierarchy/android.widget.FrameLayout[1]/android.widget.LinearLayout[1]/android.widget.FrameLayout[1]/android.widget.FrameLayout[1]/android.widget.FrameLayout[1]/android.widget.FrameLayout[1]/android.widget.FrameLayout[1]/android.view.ViewGroup[1]/android.view.ViewGroup[1]/android.view.ViewGroup[1]/android.view.ViewGroup[1]/android.view.ViewGroup[1]/android.view.ViewGroup[1]/android.view.ViewGroup[1]/android.view.ViewGroup[2]/android.view.View[1]/android.view.View[2]/android.widget.TextView[1]"}[39m
[38;5;26m[0b4874fc][0m[38;5;86m[HTTP][0m [37m<-- POST /wd/hub/session/0b4874fc-d618-4b48-a4aa-e0d6926c42ca/elements [39m[32m200[39m [90m88 ms - 139[39m [90m[39m
[38;5;26m[0b4874fc][0m[38;5;86m[HTTP][0m [37m-->[39m [37mGET[39m [37m/wd/hub/session/0b4874fc-d618-4b48-a4aa-e0d6926c42ca/element/00000000-0000-00dd-ffff-ffff00000053/rect[39m [90m{}[39m
[38;5;26m[0b4874fc][0m[38;5;13m[AndroidUiautomator2Driver@ccdb][0m Driver proxy active, passing request on via HTTP proxy
[38;5;26m[0b4874fc][0m[38;5;13m[AndroidUiautomator2Driver@ccdb][0m Replacing sessionId 7b80b6e6-f40a-4478-bd88-9796248f9b94 with 0b4874fc-d618-4b48-a4aa-e0d6926c42ca
[38;5;26m[0b4874fc][0m[38;5;86m[HTTP][0m [37m<-- GET /wd/hub/session/0b4874fc-d618-4b48-a4aa-e0d6926c42ca/element/00000000-0000-00dd-ffff-ffff00000053/rect [39m[32m200[39m [90m13 ms - 103[39m [90m[39m
[38;5;26m[0b4874fc][0m[38;5;86m[HTTP][0m [37m-->[39m [37mPOST[39m [37m/wd/hub/session/0b4874fc-d618-4b48-a4aa-e0d6926c42ca/element/00000000-0000-00dd-ffff-ffff00000053/click[39m [90m{"id":"00000000-0000-00dd-ffff-ffff00000053"}[39m
[38;5;26m[0b4874fc][0m[38;5;86m[HTTP][0m [37m<-- POST /wd/hub/session/0b4874fc-d618-4b48-a4aa-e0d6926c42ca/element/00000000-0000-00dd-ffff-ffff00000053/click [39m[32m200[39m [90m51 ms - 14[39m [90m[39m
[38;5;26m[0b4874fc][0m[38;5;86m[HTTP][0m [37m-->[39m [37mGET[39m [37m/wd/hub/session/0b4874fc-d618-4b48-a4aa-e0d6926c42ca/source[39m [90m{}[39m
[38;5;26m[0b4874fc][0m[38;5;13m[AndroidUiautomator2Driver@ccdb][0m Driver proxy active, passing request on via HTTP proxy
[38;5;26m[0b4874fc][0m[38;5;13m[AndroidUiautomator2Driver@ccdb][0m Replacing sessionId 7b80b6e6-f40a-4478-bd88-9796248f9b94 with 0b4874fc-d618-4b48-a4aa-e0d6926c42ca
[38;5;26m[0b4874fc][0m[38;5;86m[HTTP][0m [37m<-- GET /wd/hub/session/0b4874fc-d618-4b48-a4aa-e0d6926c42ca/source [39m[32m200[39m [90m140 ms - 52451[39m [90m[39m
[38;5;26m[0b4874fc][0m[38;5;86m[HTTP][0m [37m-->[39m [37mGET[39m [37m/wd/hub/session/0b4874fc-d618-4b48-a4aa-e0d6926c42ca/screenshot[39m [90m{}[39m
[38;5;26m[0b4874fc][0m[38;5;86m[HTTP][0m [37m<-- GET /wd/hub/session/0b4874fc-d618-4b48-a4aa-e0d6926c42ca/screenshot [39m[32m200[39m [90m324 ms - 194292[39m [90m[39m
[38;5;26m[0b4874fc][0m[38;5;86m[HTTP][0m [37m-->[39m [37mGET[39m [37m/wd/hub/session/0b4874fc-d618-4b48-a4aa-e0d6926c42ca/source[39m [90m{}[39m
[38;5;26m[0b4874fc][0m[38;5;13m[AndroidUiautomator2Driver@ccdb][0m Driver proxy active, passing request on via HTTP proxy
[38;5;26m[0b4874fc][0m[38;5;13m[AndroidUiautomator2Driver@ccdb][0m Replacing sessionId 7b80b6e6-f40a-4478-bd88-9796248f9b94 with 0b4874fc-d618-4b48-a4aa-e0d6926c42ca
[38;5;26m[0b4874fc][0m[38;5;86m[HTTP][0m [37m<-- GET /wd/hub/session/0b4874fc-d618-4b48-a4aa-e0d6926c42ca/source [39m[32m200[39m [90m100 ms - 52451[39m [90m[39m
[38;5;26m[0b4874fc][0m[38;5;86m[HTTP][0m [37m-->[39m [37mGET[39m [37m/wd/hub/session/0b4874fc-d618-4b48-a4aa-e0d6926c42ca/screenshot[39m [90m{}[39m
[38;5;26m[0b4874fc][0m[38;5;86m[HTTP][0m [37m<-- GET /wd/hub/session/0b4874fc-d618-4b48-a4aa-e0d6926c42ca/screenshot [39m[32m200[39m [90m323 ms - 192964[39m [90m[39m
[38;5;26m[0b4874fc][0m[38;5;86m[HTTP][0m [37m-->[39m [37mGET[39m [37m/wd/hub/session/0b4874fc-d618-4b48-a4aa-e0d6926c42ca/window/rect[39m [90m{}[39m
[38;5;26m[0b4874fc][0m[38;5;86m[HTTP][0m [37m<-- GET /wd/hub/session/0b4874fc-d618-4b48-a4aa-e0d6926c42ca/window/rect [39m[32m200[39m [90m8 ms - 50[39m [90m[39m
[38;5;26m[0b4874fc][0m[38;5;86m[HTTP][0m [37m-->[39m [37mPOST[39m [37m/wd/hub/session/0b4874fc-d618-4b48-a4aa-e0d6926c42ca/elements[39m [90m{"using":"xpath","value":"//hierarchy/android.widget.FrameLayout[1]/android.widget.LinearLayout[1]/android.widget.FrameLayout[1]/android.widget.FrameLayout[1]/android.widget.FrameLayout[1]/android.widget.FrameLayout[1]/android.widget.FrameLayout[1]/android.view.ViewGroup[1]/android.view.ViewGroup[1]/android.view.ViewGroup[1]/android.view.ViewGroup[1]/android.view.ViewGroup[1]/android.view.ViewGroup[1]/android.view.ViewGroup[1]/android.view.ViewGroup[1]/android.widget.FrameLayout[1]/android.view.ViewGroup[1]/android.view.ViewGroup[1]/android.view.ViewGroup[1]/android.view.ViewGroup[1]/android.view.ViewGroup[1]/android.view.ViewGroup[1]/android.view.ViewGroup[1]/android.view.ViewGroup[1]/android.view.ViewGroup[2]/android.widget.ScrollView[1]/android.view.ViewGroup[1]/android.view.ViewGroup[1]/android.view.ViewGroup[2]/android.widget.Button[1]/android.view.ViewGroup[1]/android.view.ViewGroup[2]/android.widget.TextView[1]"}[39m
[38;5;26m[0b4874fc][0m[38;5;86m[HTTP][0m [37m<-- POST /wd/hub/session/0b4874fc-d618-4b48-a4aa-e0d6926c42ca/elements [39m[32m200[39m [90m103 ms - 139[39m [90m[39m
[38;5;26m[0b4874fc][0m[38;5;86m[HTTP][0m [37m-->[39m [37mGET[39m [37m/wd/hub/session/0b4874fc-d618-4b48-a4aa-e0d6926c42ca/element/00000000-0000-00dd-ffff-ffff000000d4/rect[39m [90m{}[39m
[38;5;26m[0b4874fc][0m[38;5;13m[AndroidUiautomator2Driver@ccdb][0m Driver proxy active, passing request on via HTTP proxy
[38;5;26m[0b4874fc][0m[38;5;13m[AndroidUiautomator2Driver@ccdb][0m Replacing sessionId 7b80b6e6-f40a-4478-bd88-9796248f9b94 with 0b4874fc-d618-4b48-a4aa-e0d6926c42ca
[38;5;26m[0b4874fc][0m[38;5;86m[HTTP][0m [37m<-- GET /wd/hub/session/0b4874fc-d618-4b48-a4aa-e0d6926c42ca/element/00000000-0000-00dd-ffff-ffff000000d4/rect [39m[32m200[39m [90m13 ms - 102[39m [90m[39m
[38;5;26m[0b4874fc][0m[38;5;86m[HTTP][0m [37m-->[39m [37mPOST[39m [37m/wd/hub/session/0b4874fc-d618-4b48-a4aa-e0d6926c42ca/element/00000000-0000-00dd-ffff-ffff000000d4/click[39m [90m{"id":"00000000-0000-00dd-ffff-ffff000000d4"}[39m
[38;5;26m[0b4874fc][0m[38;5;86m[HTTP][0m [37m<-- POST /wd/hub/session/0b4874fc-d618-4b48-a4aa-e0d6926c42ca/element/00000000-0000-00dd-ffff-ffff000000d4/click [39m[32m200[39m [90m54 ms - 14[39m [90m[39m
[38;5;26m[0b4874fc][0m[38;5;86m[HTTP][0m [37m-->[39m [37mGET[39m [37m/wd/hub/session/0b4874fc-d618-4b48-a4aa-e0d6926c42ca/source[39m [90m{}[39m
[38;5;26m[0b4874fc][0m[38;5;13m[AndroidUiautomator2Driver@ccdb][0m Driver proxy active, passing request on via HTTP proxy
[38;5;26m[0b4874fc][0m[38;5;13m[AndroidUiautomator2Driver@ccdb][0m Replacing sessionId 7b80b6e6-f40a-4478-bd88-9796248f9b94 with 0b4874fc-d618-4b48-a4aa-e0d6926c42ca
[38;5;26m[0b4874fc][0m[38;5;86m[HTTP][0m [37m<-- GET /wd/hub/session/0b4874fc-d618-4b48-a4aa-e0d6926c42ca/source [39m[32m200[39m [90m1534 ms - 52206[39m [90m[39m
[38;5;26m[0b4874fc][0m[38;5;86m[HTTP][0m [37m-->[39m [37mGET[39m [37m/wd/hub/session/0b4874fc-d618-4b48-a4aa-e0d6926c42ca/screenshot[39m [90m{}[39m
[38;5;26m[0b4874fc][0m[38;5;86m[HTTP][0m [37m<-- GET /wd/hub/session/0b4874fc-d618-4b48-a4aa-e0d6926c42ca/screenshot [39m[32m200[39m [90m330 ms - 237204[39m [90m[39m
[38;5;26m[0b4874fc][0m[38;5;86m[HTTP][0m [37m-->[39m [37mGET[39m [37m/wd/hub/session/0b4874fc-d618-4b48-a4aa-e0d6926c42ca/source[39m [90m{}[39m
[38;5;26m[0b4874fc][0m[38;5;13m[AndroidUiautomator2Driver@ccdb][0m Driver proxy active, passing request on via HTTP proxy
[38;5;26m[0b4874fc][0m[38;5;13m[AndroidUiautomator2Driver@ccdb][0m Replacing sessionId 7b80b6e6-f40a-4478-bd88-9796248f9b94 with 0b4874fc-d618-4b48-a4aa-e0d6926c42ca
[38;5;26m[0b4874fc][0m[38;5;86m[HTTP][0m [37m<-- GET /wd/hub/session/0b4874fc-d618-4b48-a4aa-e0d6926c42ca/source [39m[32m200[39m [90m92 ms - 52206[39m [90m[39m
[38;5;26m[0b4874fc][0m[38;5;86m[HTTP][0m [37m-->[39m [37mGET[39m [37m/wd/hub/session/0b4874fc-d618-4b48-a4aa-e0d6926c42ca/screenshot[39m [90m{}[39m
[38;5;26m[0b4874fc][0m[38;5;86m[HTTP][0m [37m<-- GET /wd/hub/session/0b4874fc-d618-4b48-a4aa-e0d6926c42ca/screenshot [39m[32m200[39m [90m360 ms - 236252[39m [90m[39m
[38;5;26m[0b4874fc][0m[38;5;86m[HTTP][0m [37m-->[39m [37mGET[39m [37m/wd/hub/session/0b4874fc-d618-4b48-a4aa-e0d6926c42ca/window/rect[39m [90m{}[39m
[38;5;26m[0b4874fc][0m[38;5;86m[HTTP][0m [37m<-- GET /wd/hub/session/0b4874fc-d618-4b48-a4aa-e0d6926c42ca/window/rect [39m[32m200[39m [90m6 ms - 50[39m [90m[39m
[38;5;26m[0b4874fc][0m[38;5;86m[HTTP][0m [37m-->[39m [37mPOST[39m [37m/wd/hub/session/0b4874fc-d618-4b48-a4aa-e0d6926c42ca/elements[39m [90m{"using":"xpath","value":"//hierarchy/android.widget.FrameLayout[1]/android.widget.LinearLayout[1]/android.widget.FrameLayout[1]/android.widget.FrameLayout[1]/android.widget.FrameLayout[1]/android.widget.FrameLayout[1]/android.widget.FrameLayout[1]/android.view.ViewGroup[1]/android.view.ViewGroup[1]/android.view.ViewGroup[1]/android.view.ViewGroup[1]/android.view.ViewGroup[1]/android.view.ViewGroup[1]/android.view.ViewGroup[1]/android.view.ViewGroup[1]/android.widget.FrameLayout[1]/android.view.ViewGroup[1]/android.view.ViewGroup[1]/android.view.ViewGroup[1]/android.view.ViewGroup[1]/android.view.ViewGroup[1]/android.view.ViewGroup[1]/android.view.ViewGroup[1]/android.widget.ScrollView[1]/android.view.ViewGroup[1]/android.view.ViewGroup[1]/android.widget.Button[1]/android.view.ViewGroup[1]/android.view.ViewGroup[2]/android.widget.TextView[1]"}[39m
[38;5;26m[0b4874fc][0m[38;5;86m[HTTP][0m [37m<-- POST /wd/hub/session/0b4874fc-d618-4b48-a4aa-e0d6926c42ca/elements [39m[32m200[39m [90m88 ms - 139[39m [90m[39m
[38;5;26m[0b4874fc][0m[38;5;86m[HTTP][0m [37m-->[39m [37mGET[39m [37m/wd/hub/session/0b4874fc-d618-4b48-a4aa-e0d6926c42ca/element/00000000-0000-00dd-ffff-ffff00000622/rect[39m [90m{}[39m
[38;5;26m[0b4874fc][0m[38;5;13m[AndroidUiautomator2Driver@ccdb][0m Driver proxy active, passing request on via HTTP proxy
[38;5;26m[0b4874fc][0m[38;5;13m[AndroidUiautomator2Driver@ccdb][0m Replacing sessionId 7b80b6e6-f40a-4478-bd88-9796248f9b94 with 0b4874fc-d618-4b48-a4aa-e0d6926c42ca
[38;5;26m[0b4874fc][0m[38;5;86m[HTTP][0m [37m<-- GET /wd/hub/session/0b4874fc-d618-4b48-a4aa-e0d6926c42ca/element/00000000-0000-00dd-ffff-ffff00000622/rect [39m[32m200[39m [90m12 ms - 102[39m [90m[39m
[38;5;26m[0b4874fc][0m[38;5;86m[HTTP][0m [37m-->[39m [37mPOST[39m [37m/wd/hub/session/0b4874fc-d618-4b48-a4aa-e0d6926c42ca/element/00000000-0000-00dd-ffff-ffff00000622/click[39m [90m{"id":"00000000-0000-00dd-ffff-ffff00000622"}[39m
[38;5;26m[0b4874fc][0m[38;5;86m[HTTP][0m [37m<-- POST /wd/hub/session/0b4874fc-d618-4b48-a4aa-e0d6926c42ca/element/00000000-0000-00dd-ffff-ffff00000622/click [39m[32m200[39m [90m41 ms - 14[39m [90m[39m
[38;5;26m[0b4874fc][0m[38;5;86m[HTTP][0m [37m-->[39m [37mGET[39m [37m/wd/hub/session/0b4874fc-d618-4b48-a4aa-e0d6926c42ca/source[39m [90m{}[39m
[38;5;26m[0b4874fc][0m[38;5;13m[AndroidUiautomator2Driver@ccdb][0m Driver proxy active, passing request on via HTTP proxy
[38;5;26m[0b4874fc][0m[38;5;13m[AndroidUiautomator2Driver@ccdb][0m Replacing sessionId 7b80b6e6-f40a-4478-bd88-9796248f9b94 with 0b4874fc-d618-4b48-a4aa-e0d6926c42ca
[38;5;26m[0b4874fc][0m[38;5;86m[HTTP][0m [37m<-- GET /wd/hub/session/0b4874fc-d618-4b48-a4aa-e0d6926c42ca/source [39m[32m200[39m [90m482 ms - 46289[39m [90m[39m
[38;5;26m[0b4874fc][0m[38;5;86m[HTTP][0m [37m-->[39m [37mGET[39m [37m/wd/hub/session/0b4874fc-d618-4b48-a4aa-e0d6926c42ca/screenshot[39m [90m{}[39m
[38;5;26m[0b4874fc][0m[38;5;86m[HTTP][0m [37m<-- GET /wd/hub/session/0b4874fc-d618-4b48-a4aa-e0d6926c42ca/screenshot [39m[32m200[39m [90m335 ms - 273376[39m [90m[39m
[38;5;26m[0b4874fc][0m[38;5;86m[HTTP][0m [37m-->[39m [37mGET[39m [37m/wd/hub/session/0b4874fc-d618-4b48-a4aa-e0d6926c42ca/source[39m [90m{}[39m
[38;5;26m[0b4874fc][0m[38;5;13m[AndroidUiautomator2Driver@ccdb][0m Driver proxy active, passing request on via HTTP proxy
[38;5;26m[0b4874fc][0m[38;5;13m[AndroidUiautomator2Driver@ccdb][0m Replacing sessionId 7b80b6e6-f40a-4478-bd88-9796248f9b94 with 0b4874fc-d618-4b48-a4aa-e0d6926c42ca
[38;5;26m[0b4874fc][0m[38;5;86m[HTTP][0m [37m<-- GET /wd/hub/session/0b4874fc-d618-4b48-a4aa-e0d6926c42ca/source [39m[32m200[39m [90m85 ms - 46289[39m [90m[39m
[38;5;26m[0b4874fc][0m[38;5;86m[HTTP][0m [37m-->[39m [37mGET[39m [37m/wd/hub/session/0b4874fc-d618-4b48-a4aa-e0d6926c42ca/screenshot[39m [90m{}[39m
[38;5;26m[0b4874fc][0m[38;5;86m[HTTP][0m [37m<-- GET /wd/hub/session/0b4874fc-d618-4b48-a4aa-e0d6926c42ca/screenshot [39m[32m200[39m [90m333 ms - 273548[39m [90m[39m
[38;5;26m[0b4874fc][0m[38;5;86m[HTTP][0m [37m-->[39m [37mGET[39m [37m/wd/hub/session/0b4874fc-d618-4b48-a4aa-e0d6926c42ca/window/rect[39m [90m{}[39m
[38;5;26m[0b4874fc][0m[38;5;86m[HTTP][0m [37m<-- GET /wd/hub/session/0b4874fc-d618-4b48-a4aa-e0d6926c42ca/window/rect [39m[32m200[39m [90m7 ms - 50[39m [90m[39m
[38;5;26m[0b4874fc][0m[38;5;86m[HTTP][0m [37m-->[39m [37mPOST[39m [37m/wd/hub/session/0b4874fc-d618-4b48-a4aa-e0d6926c42ca/elements[39m [90m{"using":"xpath","value":"//hierarchy/android.widget.FrameLayout[1]/android.widget.LinearLayout[1]/android.widget.FrameLayout[1]/android.widget.FrameLayout[1]/android.widget.FrameLayout[1]/android.widget.FrameLayout[1]/android.widget.FrameLayout[1]/android.view.ViewGroup[1]/android.view.ViewGroup[1]/android.view.ViewGroup[1]/android.view.ViewGroup[1]/android.view.ViewGroup[1]/android.view.ViewGroup[1]/android.view.ViewGroup[1]/android.view.ViewGroup[1]/android.widget.FrameLayout[1]/android.view.ViewGroup[1]/android.view.ViewGroup[1]/android.view.ViewGroup[1]/android.view.ViewGroup[1]/android.view.ViewGroup[1]/android.view.ViewGroup[1]/android.view.ViewGroup[1]/android.view.ViewGroup[1]/android.view.ViewGroup[1]/android.widget.ScrollView[1]/android.view.ViewGroup[1]/android.view.ViewGroup[3]/android.view.ViewGroup[1]/android.view.ViewGroup[1]/android.widget.Button[1]/android.view.ViewGroup[1]/android.view.ViewGroup[2]/android.widget.TextView[2]"}[39m
[38;5;26m[0b4874fc][0m[38;5;86m[HTTP][0m [37m<-- POST /wd/hub/session/0b4874fc-d618-4b48-a4aa-e0d6926c42ca/elements [39m[32m200[39m [90m98 ms - 139[39m [90m[39m
[38;5;26m[0b4874fc][0m[38;5;86m[HTTP][0m [37m-->[39m [37mGET[39m [37m/wd/hub/session/0b4874fc-d618-4b48-a4aa-e0d6926c42ca/element/00000000-0000-00dd-ffff-ffff00000688/rect[39m [90m{}[39m
[38;5;26m[0b4874fc][0m[38;5;13m[AndroidUiautomator2Driver@ccdb][0m Driver proxy active, passing request on via HTTP proxy
[38;5;26m[0b4874fc][0m[38;5;13m[AndroidUiautomator2Driver@ccdb][0m Replacing sessionId 7b80b6e6-f40a-4478-bd88-9796248f9b94 with 0b4874fc-d618-4b48-a4aa-e0d6926c42ca
[38;5;26m[0b4874fc][0m[38;5;86m[HTTP][0m [37m<-- GET /wd/hub/session/0b4874fc-d618-4b48-a4aa-e0d6926c42ca/element/00000000-0000-00dd-ffff-ffff00000688/rect [39m[32m200[39m [90m12 ms - 102[39m [90m[39m
[38;5;26m[0b4874fc][0m[38;5;86m[HTTP][0m [37m-->[39m [37mPOST[39m [37m/wd/hub/session/0b4874fc-d618-4b48-a4aa-e0d6926c42ca/element/00000000-0000-00dd-ffff-ffff00000688/click[39m [90m{"id":"00000000-0000-00dd-ffff-ffff00000688"}[39m
[38;5;26m[0b4874fc][0m[38;5;86m[HTTP][0m [37m<-- POST /wd/hub/session/0b4874fc-d618-4b48-a4aa-e0d6926c42ca/element/00000000-0000-00dd-ffff-ffff00000688/click [39m[32m200[39m [90m43 ms - 14[39m [90m[39m
[38;5;26m[0b4874fc][0m[38;5;86m[HTTP][0m [37m-->[39m [37mGET[39m [37m/wd/hub/session/0b4874fc-d618-4b48-a4aa-e0d6926c42ca/source[39m [90m{}[39m
[38;5;26m[0b4874fc][0m[38;5;13m[AndroidUiautomator2Driver@ccdb][0m Driver proxy active, passing request on via HTTP proxy
[38;5;26m[0b4874fc][0m[38;5;13m[AndroidUiautomator2Driver@ccdb][0m Replacing sessionId 7b80b6e6-f40a-4478-bd88-9796248f9b94 with 0b4874fc-d618-4b48-a4aa-e0d6926c42ca
[38;5;26m[0b4874fc][0m[38;5;86m[HTTP][0m [37m<-- GET /wd/hub/session/0b4874fc-d618-4b48-a4aa-e0d6926c42ca/source [39m[32m200[39m [90m650 ms - 56841[39m [90m[39m
[38;5;26m[0b4874fc][0m[38;5;86m[HTTP][0m [37m-->[39m [37mGET[39m [37m/wd/hub/session/0b4874fc-d618-4b48-a4aa-e0d6926c42ca/screenshot[39m [90m{}[39m
[38;5;26m[0b4874fc][0m[38;5;86m[HTTP][0m [37m<-- GET /wd/hub/session/0b4874fc-d618-4b48-a4aa-e0d6926c42ca/screenshot [39m[32m200[39m [90m331 ms - 220668[39m [90m[39m
[38;5;26m[0b4874fc][0m[38;5;86m[HTTP][0m [37m-->[39m [37mGET[39m [37m/wd/hub/session/0b4874fc-d618-4b48-a4aa-e0d6926c42ca/source[39m [90m{}[39m
[38;5;26m[0b4874fc][0m[38;5;13m[AndroidUiautomator2Driver@ccdb][0m Driver proxy active, passing request on via HTTP proxy
[38;5;26m[0b4874fc][0m[38;5;13m[AndroidUiautomator2Driver@ccdb][0m Replacing sessionId 7b80b6e6-f40a-4478-bd88-9796248f9b94 with 0b4874fc-d618-4b48-a4aa-e0d6926c42ca
[38;5;26m[0b4874fc][0m[38;5;86m[HTTP][0m [37m<-- GET /wd/hub/session/0b4874fc-d618-4b48-a4aa-e0d6926c42ca/source [39m[32m200[39m [90m119 ms - 56841[39m [90m[39m
[38;5;26m[0b4874fc][0m[38;5;86m[HTTP][0m [37m-->[39m [37mGET[39m [37m/wd/hub/session/0b4874fc-d618-4b48-a4aa-e0d6926c42ca/screenshot[39m [90m{}[39m
[38;5;26m[0b4874fc][0m[38;5;86m[HTTP][0m [37m<-- GET /wd/hub/session/0b4874fc-d618-4b48-a4aa-e0d6926c42ca/screenshot [39m[32m200[39m [90m346 ms - 220668[39m [90m[39m
[38;5;26m[0b4874fc][0m[38;5;86m[HTTP][0m [37m-->[39m [37mGET[39m [37m/wd/hub/session/0b4874fc-d618-4b48-a4aa-e0d6926c42ca/window/rect[39m [90m{}[39m
[38;5;26m[0b4874fc][0m[38;5;86m[HTTP][0m [37m<-- GET /wd/hub/session/0b4874fc-d618-4b48-a4aa-e0d6926c42ca/window/rect [39m[32m200[39m [90m6 ms - 50[39m [90m[39m
[38;5;26m[0b4874fc][0m[38;5;86m[HTTP][0m [37m-->[39m [37mPOST[39m [37m/wd/hub/session/0b4874fc-d618-4b48-a4aa-e0d6926c42ca/elements[39m [90m{"using":"xpath","value":"//hierarchy/android.widget.FrameLayout[1]/android.widget.LinearLayout[1]/android.widget.FrameLayout[1]/android.widget.FrameLayout[1]/android.widget.FrameLayout[1]/android.widget.FrameLayout[1]/android.widget.FrameLayout[1]/android.view.ViewGroup[1]/android.view.ViewGroup[1]/android.view.ViewGroup[1]/android.view.ViewGroup[1]/android.view.ViewGroup[1]/android.view.ViewGroup[1]/android.view.ViewGroup[1]/android.view.ViewGroup[1]/android.widget.FrameLayout[1]/android.view.ViewGroup[1]/android.view.ViewGroup[1]/android.view.ViewGroup[1]/android.view.ViewGroup[1]/android.view.ViewGroup[1]/android.view.ViewGroup[1]/android.view.ViewGroup[1]/android.view.ViewGroup[1]/android.view.ViewGroup[1]/android.widget.ScrollView[1]/android.view.ViewGroup[1]/android.view.ViewGroup[2]/android.widget.Button[1]/android.view.ViewGroup[1]/android.widget.TextView[1]"}[39m
[38;5;26m[0b4874fc][0m[38;5;86m[HTTP][0m [37m<-- POST /wd/hub/session/0b4874fc-d618-4b48-a4aa-e0d6926c42ca/elements [39m[32m200[39m [90m109 ms - 139[39m [90m[39m
[38;5;26m[0b4874fc][0m[38;5;86m[HTTP][0m [37m-->[39m [37mGET[39m [37m/wd/hub/session/0b4874fc-d618-4b48-a4aa-e0d6926c42ca/element/00000000-0000-00dd-ffff-ffff0000075e/rect[39m [90m{}[39m
[38;5;26m[0b4874fc][0m[38;5;13m[AndroidUiautomator2Driver@ccdb][0m Driver proxy active, passing request on via HTTP proxy
[38;5;26m[0b4874fc][0m[38;5;13m[AndroidUiautomator2Driver@ccdb][0m Replacing sessionId 7b80b6e6-f40a-4478-bd88-9796248f9b94 with 0b4874fc-d618-4b48-a4aa-e0d6926c42ca
[38;5;26m[0b4874fc][0m[38;5;86m[HTTP][0m [37m<-- GET /wd/hub/session/0b4874fc-d618-4b48-a4aa-e0d6926c42ca/element/00000000-0000-00dd-ffff-ffff0000075e/rect [39m[32m200[39m [90m11 ms - 102[39m [90m[39m
[38;5;26m[0b4874fc][0m[38;5;86m[HTTP][0m [37m-->[39m [37mPOST[39m [37m/wd/hub/session/0b4874fc-d618-4b48-a4aa-e0d6926c42ca/element/00000000-0000-00dd-ffff-ffff0000075e/click[39m [90m{"id":"00000000-0000-00dd-ffff-ffff0000075e"}[39m
[38;5;26m[0b4874fc][0m[38;5;86m[HTTP][0m [37m<-- POST /wd/hub/session/0b4874fc-d618-4b48-a4aa-e0d6926c42ca/element/00000000-0000-00dd-ffff-ffff0000075e/click [39m[32m200[39m [90m52 ms - 14[39m [90m[39m
[38;5;26m[0b4874fc][0m[38;5;86m[HTTP][0m [37m-->[39m [37mGET[39m [37m/wd/hub/session/0b4874fc-d618-4b48-a4aa-e0d6926c42ca/source[39m [90m{}[39m
[38;5;26m[0b4874fc][0m[38;5;13m[AndroidUiautomator2Driver@ccdb][0m Driver proxy active, passing request on via HTTP proxy
[38;5;26m[0b4874fc][0m[38;5;13m[AndroidUiautomator2Driver@ccdb][0m Replacing sessionId 7b80b6e6-f40a-4478-bd88-9796248f9b94 with 0b4874fc-d618-4b48-a4aa-e0d6926c42ca
[38;5;26m[0b4874fc][0m[38;5;86m[HTTP][0m [37m<-- GET /wd/hub/session/0b4874fc-d618-4b48-a4aa-e0d6926c42ca/source [39m[32m200[39m [90m10156 ms - 54192[39m [90m[39m
[38;5;26m[0b4874fc][0m[38;5;86m[HTTP][0m [37m-->[39m [37mGET[39m [37m/wd/hub/session/0b4874fc-d618-4b48-a4aa-e0d6926c42ca/screenshot[39m [90m{}[39m
[38;5;26m[0b4874fc][0m[38;5;86m[HTTP][0m [37m<-- GET /wd/hub/session/0b4874fc-d618-4b48-a4aa-e0d6926c42ca/screenshot [39m[32m200[39m [90m495 ms - 331840[39m [90m[39m
[38;5;26m[0b4874fc][0m[38;5;86m[HTTP][0m [37m-->[39m [37mGET[39m [37m/wd/hub/session/0b4874fc-d618-4b48-a4aa-e0d6926c42ca/source[39m [90m{}[39m
[38;5;26m[0b4874fc][0m[38;5;13m[AndroidUiautomator2Driver@ccdb][0m Driver proxy active, passing request on via HTTP proxy
[38;5;26m[0b4874fc][0m[38;5;13m[AndroidUiautomator2Driver@ccdb][0m Replacing sessionId 7b80b6e6-f40a-4478-bd88-9796248f9b94 with 0b4874fc-d618-4b48-a4aa-e0d6926c42ca
[38;5;26m[0b4874fc][0m[38;5;86m[HTTP][0m [37m<-- GET /wd/hub/session/0b4874fc-d618-4b48-a4aa-e0d6926c42ca/source [39m[32m200[39m [90m10178 ms - 54192[39m [90m[39m
[38;5;26m[0b4874fc][0m[38;5;86m[HTTP][0m [37m-->[39m [37mGET[39m [37m/wd/hub/session/0b4874fc-d618-4b48-a4aa-e0d6926c42ca/screenshot[39m [90m{}[39m
[38;5;26m[0b4874fc][0m[38;5;86m[HTTP][0m [37m<-- GET /wd/hub/session/0b4874fc-d618-4b48-a4aa-e0d6926c42ca/screenshot [39m[32m200[39m [90m469 ms - 316576[39m [90m[39m
[38;5;26m[0b4874fc][0m[38;5;86m[HTTP][0m [37m-->[39m [37mGET[39m [37m/wd/hub/session/0b4874fc-d618-4b48-a4aa-e0d6926c42ca/window/rect[39m [90m{}[39m
[38;5;26m[0b4874fc][0m[38;5;86m[HTTP][0m [37m<-- GET /wd/hub/session/0b4874fc-d618-4b48-a4aa-e0d6926c42ca/window/rect [39m[32m200[39m [90m14 ms - 50[39m [90m[39m
[38;5;26m[0b4874fc][0m[38;5;86m[HTTP][0m [37m-->[39m [37mPOST[39m [37m/wd/hub/session/0b4874fc-d618-4b48-a4aa-e0d6926c42ca/elements[39m [90m{"using":"xpath","value":"//hierarchy/android.widget.FrameLayout[1]/android.widget.LinearLayout[1]/android.widget.FrameLayout[1]/android.widget.FrameLayout[1]/android.widget.FrameLayout[1]/android.widget.FrameLayout[1]/android.widget.FrameLayout[1]/android.view.ViewGroup[1]/android.view.ViewGroup[1]/android.view.ViewGroup[1]/android.view.ViewGroup[1]/android.view.ViewGroup[1]/android.view.ViewGroup[1]/android.view.ViewGroup[1]/android.view.ViewGroup[1]/android.widget.FrameLayout[1]/android.view.ViewGroup[1]/android.view.ViewGroup[1]/android.view.ViewGroup[1]/android.view.ViewGroup[1]/android.view.ViewGroup[1]/android.view.ViewGroup[1]/android.view.ViewGroup[1]/android.view.ViewGroup[1]/android.view.ViewGroup[3]/android.widget.ScrollView[1]/android.view.ViewGroup[1]/android.view.ViewGroup[2]/android.view.ViewGroup[2]/android.view.ViewGroup[2]/android.widget.TextView[1]"}[39m
[38;5;26m[0b4874fc][0m[38;5;86m[HTTP][0m [37m<-- POST /wd/hub/session/0b4874fc-d618-4b48-a4aa-e0d6926c42ca/elements [39m[32m200[39m [90m10146 ms - 139[39m [90m[39m
[38;5;26m[0b4874fc][0m[38;5;86m[HTTP][0m [37m-->[39m [37mGET[39m [37m/wd/hub/session/0b4874fc-d618-4b48-a4aa-e0d6926c42ca/element/00000000-0000-00dd-ffff-ffff000008bf/rect[39m [90m{}[39m
[38;5;26m[0b4874fc][0m[38;5;13m[AndroidUiautomator2Driver@ccdb][0m Driver proxy active, passing request on via HTTP proxy
[38;5;26m[0b4874fc][0m[38;5;13m[AndroidUiautomator2Driver@ccdb][0m Replacing sessionId 7b80b6e6-f40a-4478-bd88-9796248f9b94 with 0b4874fc-d618-4b48-a4aa-e0d6926c42ca
[38;5;26m[0b4874fc][0m[38;5;86m[HTTP][0m [37m<-- GET /wd/hub/session/0b4874fc-d618-4b48-a4aa-e0d6926c42ca/element/00000000-0000-00dd-ffff-ffff000008bf/rect [39m[32m200[39m [90m20106 ms - 102[39m [90m[39m
[38;5;26m[0b4874fc][0m[38;5;86m[HTTP][0m [37m-->[39m [37mPOST[39m [37m/wd/hub/session/0b4874fc-d618-4b48-a4aa-e0d6926c42ca/element/00000000-0000-00dd-ffff-ffff000008bf/click[39m [90m{"id":"00000000-0000-00dd-ffff-ffff000008bf"}[39m
[38;5;26m[0b4874fc][0m[38;5;86m[HTTP][0m [37m<-- POST /wd/hub/session/0b4874fc-d618-4b48-a4aa-e0d6926c42ca/element/00000000-0000-00dd-ffff-ffff000008bf/click [39m[32m200[39m [90m22497 ms - 14[39m [90m[39m
[38;5;26m[0b4874fc][0m[38;5;86m[HTTP][0m [37m-->[39m [37mGET[39m [37m/wd/hub/session/0b4874fc-d618-4b48-a4aa-e0d6926c42ca/source[39m [90m{}[39m
[38;5;26m[0b4874fc][0m[38;5;13m[AndroidUiautomator2Driver@ccdb][0m Driver proxy active, passing request on via HTTP proxy
[38;5;26m[0b4874fc][0m[38;5;13m[AndroidUiautomator2Driver@ccdb][0m Replacing sessionId 7b80b6e6-f40a-4478-bd88-9796248f9b94 with 0b4874fc-d618-4b48-a4aa-e0d6926c42ca
[38;5;26m[0b4874fc][0m[38;5;86m[HTTP][0m [37m<-- GET /wd/hub/session/0b4874fc-d618-4b48-a4aa-e0d6926c42ca/source [39m[32m200[39m [90m58 ms - 15215[39m [90m[39m
[38;5;26m[0b4874fc][0m[38;5;86m[HTTP][0m [37m-->[39m [37mGET[39m [37m/wd/hub/session/0b4874fc-d618-4b48-a4aa-e0d6926c42ca/screenshot[39m [90m{}[39m
[38;5;26m[0b4874fc][0m[38;5;86m[HTTP][0m [37m<-- GET /wd/hub/session/0b4874fc-d618-4b48-a4aa-e0d6926c42ca/screenshot [39m[32m200[39m [90m496 ms - 261524[39m [90m[39m
[38;5;26m[0b4874fc][0m[38;5;86m[HTTP][0m [37m-->[39m [37mGET[39m [37m/wd/hub/session/0b4874fc-d618-4b48-a4aa-e0d6926c42ca/source[39m [90m{}[39m
[38;5;26m[0b4874fc][0m[38;5;13m[AndroidUiautomator2Driver@ccdb][0m Driver proxy active, passing request on via HTTP proxy
[38;5;26m[0b4874fc][0m[38;5;13m[AndroidUiautomator2Driver@ccdb][0m Replacing sessionId 7b80b6e6-f40a-4478-bd88-9796248f9b94 with 0b4874fc-d618-4b48-a4aa-e0d6926c42ca
[38;5;26m[0b4874fc][0m[38;5;86m[HTTP][0m [37m<-- GET /wd/hub/session/0b4874fc-d618-4b48-a4aa-e0d6926c42ca/source [39m[32m200[39m [90m55 ms - 15215[39m [90m[39m
[38;5;26m[0b4874fc][0m[38;5;86m[HTTP][0m [37m-->[39m [37mGET[39m [37m/wd/hub/session/0b4874fc-d618-4b48-a4aa-e0d6926c42ca/screenshot[39m [90m{}[39m
[38;5;26m[0b4874fc][0m[38;5;86m[HTTP][0m [37m<-- GET /wd/hub/session/0b4874fc-d618-4b48-a4aa-e0d6926c42ca/screenshot [39m[32m200[39m [90m375 ms - 261524[39m [90m[39m
[38;5;26m[0b4874fc][0m[38;5;86m[HTTP][0m [37m-->[39m [37mGET[39m [37m/wd/hub/session/0b4874fc-d618-4b48-a4aa-e0d6926c42ca/window/rect[39m [90m{}[39m
[38;5;26m[0b4874fc][0m[38;5;86m[HTTP][0m [37m<-- GET /wd/hub/session/0b4874fc-d618-4b48-a4aa-e0d6926c42ca/window/rect [39m[32m200[39m [90m7 ms - 50[39m [90m[39m
[38;5;26m[0b4874fc][0m[38;5;86m[HTTP][0m [37m-->[39m [37mPOST[39m [37m/wd/hub/session/0b4874fc-d618-4b48-a4aa-e0d6926c42ca/elements[39m [90m{"using":"xpath","value":"//hierarchy/android.widget.FrameLayout[1]/android.widget.LinearLayout[1]/android.widget.FrameLayout[1]/android.widget.ScrollView[1]/android.widget.TabHost[1]/android.widget.LinearLayout[1]/android.widget.FrameLayout[1]/com.android.internal.widget.ViewPager[1]/android.widget.RelativeLayout[1]/com.android.internal.widget.RecyclerView[1]/android.widget.LinearLayout[3]/android.widget.LinearLayout[1]/android.widget.TextView[1]"}[39m
[38;5;26m[0b4874fc][0m[38;5;86m[HTTP][0m [37m<-- POST /wd/hub/session/0b4874fc-d618-4b48-a4aa-e0d6926c42ca/elements [39m[32m200[39m [90m67 ms - 139[39m [90m[39m
[38;5;26m[0b4874fc][0m[38;5;86m[HTTP][0m [37m-->[39m [37mGET[39m [37m/wd/hub/session/0b4874fc-d618-4b48-a4aa-e0d6926c42ca/element/00000000-0000-00e6-ffff-ffff000000ee/rect[39m [90m{}[39m
[38;5;26m[0b4874fc][0m[38;5;13m[AndroidUiautomator2Driver@ccdb][0m Driver proxy active, passing request on via HTTP proxy
[38;5;26m[0b4874fc][0m[38;5;13m[AndroidUiautomator2Driver@ccdb][0m Replacing sessionId 7b80b6e6-f40a-4478-bd88-9796248f9b94 with 0b4874fc-d618-4b48-a4aa-e0d6926c42ca
[38;5;26m[0b4874fc][0m[38;5;86m[HTTP][0m [37m<-- GET /wd/hub/session/0b4874fc-d618-4b48-a4aa-e0d6926c42ca/element/00000000-0000-00e6-ffff-ffff000000ee/rect [39m[32m200[39m [90m12 ms - 101[39m [90m[39m
[38;5;26m[0b4874fc][0m[38;5;86m[HTTP][0m [37m-->[39m [37mPOST[39m [37m/wd/hub/session/0b4874fc-d618-4b48-a4aa-e0d6926c42ca/element/00000000-0000-00e6-ffff-ffff000000ee/click[39m [90m{"id":"00000000-0000-00e6-ffff-ffff000000ee"}[39m
[38;5;26m[0b4874fc][0m[38;5;86m[HTTP][0m [37m<-- POST /wd/hub/session/0b4874fc-d618-4b48-a4aa-e0d6926c42ca/element/00000000-0000-00e6-ffff-ffff000000ee/click [39m[32m200[39m [90m45 ms - 14[39m [90m[39m
[38;5;26m[0b4874fc][0m[38;5;86m[HTTP][0m [37m-->[39m [37mGET[39m [37m/wd/hub/session/0b4874fc-d618-4b48-a4aa-e0d6926c42ca/source[39m [90m{}[39m
[38;5;26m[0b4874fc][0m[38;5;13m[AndroidUiautomator2Driver@ccdb][0m Driver proxy active, passing request on via HTTP proxy
[38;5;26m[0b4874fc][0m[38;5;13m[AndroidUiautomator2Driver@ccdb][0m Replacing sessionId 7b80b6e6-f40a-4478-bd88-9796248f9b94 with 0b4874fc-d618-4b48-a4aa-e0d6926c42ca
[38;5;26m[0b4874fc][0m[38;5;86m[HTTP][0m [37m<-- GET /wd/hub/session/0b4874fc-d618-4b48-a4aa-e0d6926c42ca/source [39m[32m200[39m [90m88 ms - 15215[39m [90m[39m
[38;5;26m[0b4874fc][0m[38;5;86m[HTTP][0m [37m-->[39m [37mGET[39m [37m/wd/hub/session/0b4874fc-d618-4b48-a4aa-e0d6926c42ca/screenshot[39m [90m{}[39m
[38;5;26m[0b4874fc][0m[38;5;86m[HTTP][0m [37m<-- GET /wd/hub/session/0b4874fc-d618-4b48-a4aa-e0d6926c42ca/screenshot [39m[32m200[39m [90m420 ms - 36340[39m [90m[39m
[38;5;26m[0b4874fc][0m[38;5;86m[HTTP][0m [37m-->[39m [37mGET[39m [37m/wd/hub/session/0b4874fc-d618-4b48-a4aa-e0d6926c42ca/source[39m [90m{}[39m
[38;5;26m[0b4874fc][0m[38;5;13m[AndroidUiautomator2Driver@ccdb][0m Driver proxy active, passing request on via HTTP proxy
[38;5;26m[0b4874fc][0m[38;5;13m[AndroidUiautomator2Driver@ccdb][0m Replacing sessionId 7b80b6e6-f40a-4478-bd88-9796248f9b94 with 0b4874fc-d618-4b48-a4aa-e0d6926c42ca
[38;5;26m[0b4874fc][0m[38;5;86m[HTTP][0m [37m<-- GET /wd/hub/session/0b4874fc-d618-4b48-a4aa-e0d6926c42ca/source [39m[32m200[39m [90m982 ms - 18854[39m [90m[39m
[38;5;26m[0b4874fc][0m[38;5;86m[HTTP][0m [37m-->[39m [37mGET[39m [37m/wd/hub/session/0b4874fc-d618-4b48-a4aa-e0d6926c42ca/screenshot[39m [90m{}[39m
[38;5;26m[0b4874fc][0m[38;5;86m[HTTP][0m [37m<-- GET /wd/hub/session/0b4874fc-d618-4b48-a4aa-e0d6926c42ca/screenshot [39m[32m200[39m [90m373 ms - 191320[39m [90m[39m
[38;5;26m[0b4874fc][0m[38;5;86m[HTTP][0m [37m-->[39m [37mGET[39m [37m/wd/hub/session/0b4874fc-d618-4b48-a4aa-e0d6926c42ca/source[39m [90m{}[39m
[38;5;26m[0b4874fc][0m[38;5;13m[AndroidUiautomator2Driver@ccdb][0m Driver proxy active, passing request on via HTTP proxy
[38;5;26m[0b4874fc][0m[38;5;13m[AndroidUiautomator2Driver@ccdb][0m Replacing sessionId 7b80b6e6-f40a-4478-bd88-9796248f9b94 with 0b4874fc-d618-4b48-a4aa-e0d6926c42ca
[38;5;26m[0b4874fc][0m[38;5;86m[HTTP][0m [37m<-- GET /wd/hub/session/0b4874fc-d618-4b48-a4aa-e0d6926c42ca/source [39m[32m200[39m [90m51 ms - 19755[39m [90m[39m
[38;5;26m[0b4874fc][0m[38;5;86m[HTTP][0m [37m-->[39m [37mGET[39m [37m/wd/hub/session/0b4874fc-d618-4b48-a4aa-e0d6926c42ca/screenshot[39m [90m{}[39m
[38;5;26m[0b4874fc][0m[38;5;86m[HTTP][0m [37m<-- GET /wd/hub/session/0b4874fc-d618-4b48-a4aa-e0d6926c42ca/screenshot [39m[32m200[39m [90m334 ms - 191416[39m [90m[39m
[38;5;26m[0b4874fc][0m[38;5;86m[HTTP][0m [37m-->[39m [37mGET[39m [37m/wd/hub/session/0b4874fc-d618-4b48-a4aa-e0d6926c42ca/window/rect[39m [90m{}[39m
[38;5;26m[0b4874fc][0m[38;5;86m[HTTP][0m [37m<-- GET /wd/hub/session/0b4874fc-d618-4b48-a4aa-e0d6926c42ca/window/rect [39m[32m200[39m [90m13 ms - 50[39m [90m[39m
[38;5;26m[0b4874fc][0m[38;5;86m[HTTP][0m [37m-->[39m [37mPOST[39m [37m/wd/hub/session/0b4874fc-d618-4b48-a4aa-e0d6926c42ca/elements[39m [90m{"using":"xpath","value":"//hierarchy/android.widget.FrameLayout[1]/android.widget.LinearLayout[1]/android.widget.FrameLayout[1]/android.widget.LinearLayout[1]/android.widget.FrameLayout[1]/android.widget.RelativeLayout[1]/android.view.ViewGroup[1]/android.widget.TextView[1]"}[39m
[38;5;26m[0b4874fc][0m[38;5;86m[HTTP][0m [37m<-- POST /wd/hub/session/0b4874fc-d618-4b48-a4aa-e0d6926c42ca/elements [39m[32m200[39m [90m62 ms - 139[39m [90m[39m
[38;5;26m[0b4874fc][0m[38;5;86m[HTTP][0m [37m-->[39m [37mGET[39m [37m/wd/hub/session/0b4874fc-d618-4b48-a4aa-e0d6926c42ca/element/00000000-0000-00e8-ffff-ffff00000009/rect[39m [90m{}[39m
[38;5;26m[0b4874fc][0m[38;5;13m[AndroidUiautomator2Driver@ccdb][0m Driver proxy active, passing request on via HTTP proxy
[38;5;26m[0b4874fc][0m[38;5;13m[AndroidUiautomator2Driver@ccdb][0m Replacing sessionId 7b80b6e6-f40a-4478-bd88-9796248f9b94 with 0b4874fc-d618-4b48-a4aa-e0d6926c42ca
[38;5;26m[0b4874fc][0m[38;5;86m[HTTP][0m [37m<-- GET /wd/hub/session/0b4874fc-d618-4b48-a4aa-e0d6926c42ca/element/00000000-0000-00e8-ffff-ffff00000009/rect [39m[32m200[39m [90m11 ms - 102[39m [90m[39m
[38;5;26m[0b4874fc][0m[38;5;86m[HTTP][0m [37m-->[39m [37mPOST[39m [37m/wd/hub/session/0b4874fc-d618-4b48-a4aa-e0d6926c42ca/element/00000000-0000-00e8-ffff-ffff00000009/click[39m [90m{"id":"00000000-0000-00e8-ffff-ffff00000009"}[39m
[38;5;26m[0b4874fc][0m[38;5;86m[HTTP][0m [37m<-- POST /wd/hub/session/0b4874fc-d618-4b48-a4aa-e0d6926c42ca/element/00000000-0000-00e8-ffff-ffff00000009/click [39m[32m200[39m [90m53 ms - 14[39m [90m[39m
[38;5;26m[0b4874fc][0m[38;5;86m[HTTP][0m [37m-->[39m [37mGET[39m [37m/wd/hub/session/0b4874fc-d618-4b48-a4aa-e0d6926c42ca/source[39m [90m{}[39m
[38;5;26m[0b4874fc][0m[38;5;13m[AndroidUiautomator2Driver@ccdb][0m Driver proxy active, passing request on via HTTP proxy
[38;5;26m[0b4874fc][0m[38;5;13m[AndroidUiautomator2Driver@ccdb][0m Replacing sessionId 7b80b6e6-f40a-4478-bd88-9796248f9b94 with 0b4874fc-d618-4b48-a4aa-e0d6926c42ca
[38;5;26m[0b4874fc][0m[38;5;86m[HTTP][0m [37m<-- GET /wd/hub/session/0b4874fc-d618-4b48-a4aa-e0d6926c42ca/source [39m[32m200[39m [90m57 ms - 19755[39m [90m[39m
[38;5;26m[0b4874fc][0m[38;5;86m[HTTP][0m [37m-->[39m [37mGET[39m [37m/wd/hub/session/0b4874fc-d618-4b48-a4aa-e0d6926c42ca/screenshot[39m [90m{}[39m
[38;5;26m[0b4874fc][0m[38;5;86m[HTTP][0m [37m<-- GET /wd/hub/session/0b4874fc-d618-4b48-a4aa-e0d6926c42ca/screenshot [39m[32m200[39m [90m336 ms - 190756[39m [90m[39m
[38;5;26m[0b4874fc][0m[38;5;86m[HTTP][0m [37m-->[39m [37mDELETE[39m [37m/wd/hub/session/0b4874fc-d618-4b48-a4aa-e0d6926c42ca[39m [90m{}[39m
[38;5;26m[0b4874fc][0m[38;5;205m[AppiumDriver@08ed][0m Removing session 0b4874fc-d618-4b48-a4aa-e0d6926c42ca from our master session list
[38;5;26m[0b4874fc][0m[38;5;13m[AndroidUiautomator2Driver@ccdb][0m Restoring hidden api policy to the device default configuration
[38;5;26m[0b4874fc][0m[38;5;86m[HTTP][0m [37m<-- DELETE /wd/hub/session/0b4874fc-d618-4b48-a4aa-e0d6926c42ca [39m[32m200[39m [90m237 ms - 14[39m [90m[39m
